[2024-10-10 16:02:48]	[done]
	build successfully !

[2024-10-10 16:03:49]	[done]
	build successfully !

[2024-10-10 16:04:55]	compilation failed at : "d:\my_video_project\stm32\elrs_rx\STM32F407_ELRS\user\elrs.c", exit code: 1
command: 
  "C:\Users\li\AppData\Local\Keil_v5\ARM\ARMCC\bin\armcc.exe" -c --apcs=interwork -I. -I../Core/Inc -I../Drivers/STM32F4xx_HAL_Driver/Inc -I../Drivers/STM32F4xx_HAL_Driver/Inc/Legacy -I../Drivers/CMSIS/Device/ST/STM32F4xx/Include -I../Drivers/CMSIS/Include -I.cmsis/include -IRTE/_STM32F407_ELRS -I../user -DUSE_HAL_DRIVER -DSTM32F407xx --cpu Cortex-M4.fp --li --c99 -D__MICROLIB -O3 --split_sections --diag_suppress=1 --diag_suppress=1295 -g -o .\build\STM32F407_ELRS\.obj\__\user\elrs.o --no_depend_system_headers --depend .\build\STM32F407_ELRS\.obj\__\user\elrs.d .\..\user\elrs.c
   at unify_builder.Program.compileByMulThread(Int32 thrNum, CmdInfo[] cmds_, List`1 errLogs)
   at unify_builder.Program.Main(String[] args_)
---
".\..\user\elrs.c", line 3: Error:  #5: cannot open source input file "tool.h": No such file or directory
  #include "tool.h"
                   ^
.\..\user\elrs.c: 0 warnings, 1 error

[2024-10-10 16:06:02]	link failed !, exit code: 1
   at unify_builder.Program.Main(String[] args_)
---
Error: L6218E: Undefined symbol float_Map_with_median (referred from elrs.o).
Not enough information to list image symbols.
Finished: 1 information, 0 warning and 1 error messages.


[2024-10-10 16:06:47]	link failed !, exit code: 1
   at unify_builder.Program.Main(String[] args_)
---
Error: L6218E: Undefined symbol float_Map (referred from elrs.o).
Not enough information to list image symbols.
Finished: 1 information, 0 warning and 1 error messages.


[2024-10-10 16:06:54]	[done]
	build successfully !

[2024-10-10 16:08:22]	[done]
	build successfully !

[2024-10-10 16:08:42]	[done]
	build successfully !

[2024-10-10 16:15:26]	[done]
	build successfully !

[2024-10-10 16:15:47]	[done]
	build successfully !

[2024-10-10 16:17:38]	compilation failed at : "d:\my_video_project\stm32\elrs_rx\STM32F407_ELRS\Core\Src\main.c", exit code: 1
command: 
  "C:\Users\li\AppData\Local\Keil_v5\ARM\ARMCC\bin\armcc.exe" -c --apcs=interwork -I. -I../Core/Inc -I../Drivers/STM32F4xx_HAL_Driver/Inc -I../Drivers/STM32F4xx_HAL_Driver/Inc/Legacy -I../Drivers/CMSIS/Device/ST/STM32F4xx/Include -I../Drivers/CMSIS/Include -I.cmsis/include -IRTE/_STM32F407_ELRS -I../user -DUSE_HAL_DRIVER -DSTM32F407xx --cpu Cortex-M4.fp --li --c99 -D__MICROLIB -O3 --split_sections --diag_suppress=1 --diag_suppress=1295 -g -o .\build\STM32F407_ELRS\.obj\__\Core\Src\main.o --no_depend_system_headers --depend .\build\STM32F407_ELRS\.obj\__\Core\Src\main.d .\..\Core\Src\main.c
   at unify_builder.Program.compileByMulThread(Int32 thrNum, CmdInfo[] cmds_, List`1 errLogs)
   at unify_builder.Program.Main(String[] args_)
---
".\..\Core\Src\main.c", line 136: Error:  #134: expected a field name
      printf("L_X%.2f, L_Y%.2f, R_X%.2f, R_Y%.2f,A%.2f,B%.2f,C%.2f,D%.2f,E%.2f,F%.2f\r\n", elrs_data.);
                                                                                                     ^
".\..\Core\Src\main.c", line 136: Warning:  #224-D: the format string requires additional arguments
      printf("L_X%.2f, L_Y%.2f, R_X%.2f, R_Y%.2f,A%.2f,B%.2f,C%.2f,D%.2f,E%.2f,F%.2f\r\n", elrs_data.);
                                                                                                     ^
.\..\Core\Src\main.c: 1 warning, 1 error

[2024-10-10 16:18:01]	[done]
	build successfully !

[2024-10-10 16:19:02]	[done]
	build successfully !

[2024-10-10 16:19:19]	[done]
	build successfully !

[2024-10-10 16:20:46]	[info] incremental build: 1 source files changed
These source files will be recompiled
---
'd:\my_video_project\stm32\elrs_rx\STM32F407_ELRS\Core\Src\main.c': source file has been changed.

[2024-10-10 16:20:47]	[done]
	build successfully !

[2024-10-10 16:22:06]	[info] incremental build: 1 source files changed
These source files will be recompiled
---
'd:\my_video_project\stm32\elrs_rx\STM32F407_ELRS\Core\Src\main.c': source file has been changed.

[2024-10-10 16:22:06]	compilation failed at : "d:\my_video_project\stm32\elrs_rx\STM32F407_ELRS\Core\Src\main.c", exit code: 1
command: 
  "C:\Users\li\AppData\Local\Keil_v5\ARM\ARMCC\bin\armcc.exe" -c --apcs=interwork -I. -I../Core/Inc -I../Drivers/STM32F4xx_HAL_Driver/Inc -I../Drivers/STM32F4xx_HAL_Driver/Inc/Legacy -I../Drivers/CMSIS/Device/ST/STM32F4xx/Include -I../Drivers/CMSIS/Include -I.cmsis/include -IRTE/_STM32F407_ELRS -I../user -DUSE_HAL_DRIVER -DSTM32F407xx --cpu Cortex-M4.fp --li --c99 -D__MICROLIB -O3 --split_sections --diag_suppress=1 --diag_suppress=1295 -g -o .\build\STM32F407_ELRS\.obj\__\Core\Src\main.o --no_depend_system_headers --depend .\build\STM32F407_ELRS\.obj\__\Core\Src\main.d .\..\Core\Src\main.c
   at unify_builder.Program.Main(String[] args_)
---
".\..\Core\Src\main.c", line 138: Error:  #65: expected a ";"
          HAL_GPIO_TogglePin(GPIOF, GPIO_PIN_10); // 点亮LED
          ^
.\..\Core\Src\main.c: 0 warnings, 1 error

[2024-10-10 16:22:11]	[info] incremental build: 1 source files changed
These source files will be recompiled
---
'd:\my_video_project\stm32\elrs_rx\STM32F407_ELRS\Core\Src\main.c': source file has been changed.

[2024-10-10 16:22:12]	[done]
	build successfully !

[2024-10-10 16:22:44]	[info] incremental build: 1 source files changed
These source files will be recompiled
---
'd:\my_video_project\stm32\elrs_rx\STM32F407_ELRS\Core\Src\main.c': source file has been changed.

[2024-10-10 16:22:45]	[done]
	build successfully !

[2024-10-10 16:25:17]	[info] incremental build: 1 source files changed
These source files will be recompiled
---
'd:\my_video_project\stm32\elrs_rx\STM32F407_ELRS\Core\Src\main.c': source file has been changed.

[2024-10-10 16:25:18]	[done]
	build successfully !

[2024-10-10 16:25:35]	[info] incremental build: 1 source files changed
These source files will be recompiled
---
'd:\my_video_project\stm32\elrs_rx\STM32F407_ELRS\Core\Src\main.c': source file has been changed.

[2024-10-10 16:25:36]	[done]
	build successfully !

[2024-10-10 16:29:02]	[info] incremental build: 1 source files changed
These source files will be recompiled
---
'd:\my_video_project\stm32\elrs_rx\STM32F407_ELRS\Core\Src\main.c': source file has been changed.

[2024-10-10 16:29:03]	[done]
	build successfully !

[2024-10-10 16:29:58]	[info] incremental build: 1 source files changed
These source files will be recompiled
---
'd:\my_video_project\stm32\elrs_rx\STM32F407_ELRS\Core\Src\main.c': source file has been changed.

[2024-10-10 16:29:59]	[done]
	build successfully !

[2024-10-10 16:33:52]	[info] incremental build: 8 source files changed
These source files will be recompiled
---
'd:\my_video_project\stm32\elrs_rx\STM32F407_ELRS\Core\Src\dma.c': dependence 'd:\my_video_project\stm32\elrs_rx\STM32F407_ELRS\MDK-ARM\..\Core\Inc\main.h' has been changed.
'd:\my_video_project\stm32\elrs_rx\STM32F407_ELRS\Core\Src\gpio.c': dependence 'd:\my_video_project\stm32\elrs_rx\STM32F407_ELRS\MDK-ARM\..\Core\Inc\main.h' has been changed.
'd:\my_video_project\stm32\elrs_rx\STM32F407_ELRS\Core\Src\main.c': source file has been changed.
'd:\my_video_project\stm32\elrs_rx\STM32F407_ELRS\Core\Src\stm32f4xx_hal_msp.c': dependence 'd:\my_video_project\stm32\elrs_rx\STM32F407_ELRS\MDK-ARM\..\Core\Inc\main.h' has been changed.
'd:\my_video_project\stm32\elrs_rx\STM32F407_ELRS\Core\Src\stm32f4xx_it.c': dependence 'd:\my_video_project\stm32\elrs_rx\STM32F407_ELRS\MDK-ARM\..\Core\Inc\main.h' has been changed.
'd:\my_video_project\stm32\elrs_rx\STM32F407_ELRS\Core\Src\usart.c': dependence 'd:\my_video_project\stm32\elrs_rx\STM32F407_ELRS\MDK-ARM\..\Core\Inc\main.h' has been changed.
'd:\my_video_project\stm32\elrs_rx\STM32F407_ELRS\user\elrs.c': dependence 'd:\my_video_project\stm32\elrs_rx\STM32F407_ELRS\MDK-ARM\..\Core\Inc\main.h' has been changed.
'd:\my_video_project\stm32\elrs_rx\STM32F407_ELRS\MDK-ARM\startup_stm32f407xx.s': source file has been changed.

[2024-10-10 16:33:53]	[done]
	build successfully !

[2024-10-10 16:34:49]	[info] incremental build: 3 source files changed
These source files will be recompiled
---
'd:\my_video_project\stm32\elrs_rx\STM32F407_ELRS\Core\Src\gpio.c': source file has been changed.
'd:\my_video_project\stm32\elrs_rx\STM32F407_ELRS\Core\Src\main.c': source file has been changed.
'd:\my_video_project\stm32\elrs_rx\STM32F407_ELRS\MDK-ARM\startup_stm32f407xx.s': source file has been changed.

[2024-10-10 16:34:50]	[done]
	build successfully !

[2024-10-10 16:36:25]	compilation failed at : "d:\my_video_project\stm32\elrs_rx\STM32F407_ELRS\Core\Src\main.c", exit code: 1
command: 
  "C:\Users\li\AppData\Local\Keil_v5\ARM\ARMCC\bin\armcc.exe" -c --apcs=interwork -I. -I../Core/Inc -I../Drivers/STM32F4xx_HAL_Driver/Inc -I../Drivers/STM32F4xx_HAL_Driver/Inc/Legacy -I../Drivers/CMSIS/Device/ST/STM32F4xx/Include -I../Drivers/CMSIS/Include -I.cmsis/include -IRTE/_STM32F407_ELRS -I../user -DUSE_HAL_DRIVER -DSTM32F407xx --cpu Cortex-M4.fp --li --c99 -D__MICROLIB -O3 --split_sections --diag_suppress=1 --diag_suppress=1295 -g -o .\build\STM32F407_ELRS\.obj\__\Core\Src\main.o --no_depend_system_headers --depend .\build\STM32F407_ELRS\.obj\__\Core\Src\main.d .\..\Core\Src\main.c
   at unify_builder.Program.compileByMulThread(Int32 thrNum, CmdInfo[] cmds_, List`1 errLogs)
   at unify_builder.Program.Main(String[] args_)
---
".\..\Core\Src\main.c", line 137: Error:  #136: struct "<unnamed>"  has no field "L_X"
      printf("L_X:%.2f,L_Y:%.2f,R_X:%.2f,R_Y:%.2f,A:%d,B:%d,C:%d,D:%d,E:%d,F:%d,\r\n", elrs_data.L_X, elrs_data.L_Y, elrs_data.R_X, elrs_data.R_Y, elrs_data.A, elrs_data.B, elrs_data.C, elrs_data.D, elrs_data.E, elrs_data.F)
                                                                                                 ^
".\..\Core\Src\main.c", line 137: Error:  #136: struct "<unnamed>"  has no field "L_Y"
      printf("L_X:%.2f,L_Y:%.2f,R_X:%.2f,R_Y:%.2f,A:%d,B:%d,C:%d,D:%d,E:%d,F:%d,\r\n", elrs_data.L_X, elrs_data.L_Y, elrs_data.R_X, elrs_data.R_Y, elrs_data.A, elrs_data.B, elrs_data.C, elrs_data.D, elrs_data.E, elrs_data.F)
                                                                                                                ^
".\..\Core\Src\main.c", line 137: Error:  #136: struct "<unnamed>"  has no field "R_X"
      printf("L_X:%.2f,L_Y:%.2f,R_X:%.2f,R_Y:%.2f,A:%d,B:%d,C:%d,D:%d,E:%d,F:%d,\r\n", elrs_data.L_X, elrs_data.L_Y, elrs_data.R_X, elrs_data.R_Y, elrs_data.A, elrs_data.B, elrs_data.C, elrs_data.D, elrs_data.E, elrs_data.F)
                                                                                                                               ^
".\..\Core\Src\main.c", line 137: Error:  #136: struct "<unnamed>"  has no field "R_Y"
      printf("L_X:%.2f,L_Y:%.2f,R_X:%.2f,R_Y:%.2f,A:%d,B:%d,C:%d,D:%d,E:%d,F:%d,\r\n", elrs_data.L_X, elrs_data.L_Y, elrs_data.R_X, elrs_data.R_Y, elrs_data.A, elrs_data.B, elrs_data.C, elrs_data.D, elrs_data.E, elrs_data.F)
                                                                                                                                              ^
".\..\Core\Src\main.c", line 138: Error:  #65: expected a ";"
    }
    ^
.\..\Core\Src\main.c: 0 warnings, 5 errors

[2024-10-10 16:36:35]	compilation failed at : "d:\my_video_project\stm32\elrs_rx\STM32F407_ELRS\Core\Src\main.c", exit code: 1
command: 
  "C:\Users\li\AppData\Local\Keil_v5\ARM\ARMCC\bin\armcc.exe" -c --apcs=interwork -I. -I../Core/Inc -I../Drivers/STM32F4xx_HAL_Driver/Inc -I../Drivers/STM32F4xx_HAL_Driver/Inc/Legacy -I../Drivers/CMSIS/Device/ST/STM32F4xx/Include -I../Drivers/CMSIS/Include -I.cmsis/include -IRTE/_STM32F407_ELRS -I../user -DUSE_HAL_DRIVER -DSTM32F407xx --cpu Cortex-M4.fp --li --c99 -D__MICROLIB -O3 --split_sections --diag_suppress=1 --diag_suppress=1295 -g -o .\build\STM32F407_ELRS\.obj\__\Core\Src\main.o --no_depend_system_headers --depend .\build\STM32F407_ELRS\.obj\__\Core\Src\main.d .\..\Core\Src\main.c
   at unify_builder.Program.compileByMulThread(Int32 thrNum, CmdInfo[] cmds_, List`1 errLogs)
   at unify_builder.Program.Main(String[] args_)
---
".\..\Core\Src\main.c", line 137: Error:  #136: struct "<unnamed>"  has no field "L_X"
      printf("L_X:%.2f,L_Y:%.2f,R_X:%.2f,R_Y:%.2f,A:%d,B:%d,C:%d,D:%d,E:%d,F:%d,\r\n", elrs_data.L_X, elrs_data.L_Y, elrs_data.R_X, elrs_data.R_Y, elrs_data.A, elrs_data.B, elrs_data.C, elrs_data.D, elrs_data.E, elrs_data.F);
                                                                                                 ^
".\..\Core\Src\main.c", line 137: Error:  #136: struct "<unnamed>"  has no field "L_Y"
      printf("L_X:%.2f,L_Y:%.2f,R_X:%.2f,R_Y:%.2f,A:%d,B:%d,C:%d,D:%d,E:%d,F:%d,\r\n", elrs_data.L_X, elrs_data.L_Y, elrs_data.R_X, elrs_data.R_Y, elrs_data.A, elrs_data.B, elrs_data.C, elrs_data.D, elrs_data.E, elrs_data.F);
                                                                                                                ^
".\..\Core\Src\main.c", line 137: Error:  #136: struct "<unnamed>"  has no field "R_X"
      printf("L_X:%.2f,L_Y:%.2f,R_X:%.2f,R_Y:%.2f,A:%d,B:%d,C:%d,D:%d,E:%d,F:%d,\r\n", elrs_data.L_X, elrs_data.L_Y, elrs_data.R_X, elrs_data.R_Y, elrs_data.A, elrs_data.B, elrs_data.C, elrs_data.D, elrs_data.E, elrs_data.F);
                                                                                                                               ^
".\..\Core\Src\main.c", line 137: Error:  #136: struct "<unnamed>"  has no field "R_Y"
      printf("L_X:%.2f,L_Y:%.2f,R_X:%.2f,R_Y:%.2f,A:%d,B:%d,C:%d,D:%d,E:%d,F:%d,\r\n", elrs_data.L_X, elrs_data.L_Y, elrs_data.R_X, elrs_data.R_Y, elrs_data.A, elrs_data.B, elrs_data.C, elrs_data.D, elrs_data.E, elrs_data.F);
                                                                                                                                              ^
.\..\Core\Src\main.c: 0 warnings, 4 errors

[2024-10-10 16:37:06]	[done]
	build successfully !

[2024-10-10 16:37:29]	[info] incremental build: 1 source files changed
These source files will be recompiled
---
'd:\my_video_project\stm32\elrs_rx\STM32F407_ELRS\Core\Src\main.c': source file has been changed.

[2024-10-10 16:37:30]	[done]
	build successfully !

[2024-10-10 16:38:23]	[info] incremental build: 3 source files changed
These source files will be recompiled
---
'd:\my_video_project\stm32\elrs_rx\STM32F407_ELRS\Core\Src\gpio.c': source file has been changed.
'd:\my_video_project\stm32\elrs_rx\STM32F407_ELRS\Core\Src\main.c': source file has been changed.
'd:\my_video_project\stm32\elrs_rx\STM32F407_ELRS\MDK-ARM\startup_stm32f407xx.s': source file has been changed.

[2024-10-10 16:38:24]	[done]
	build successfully !

[2024-10-10 16:39:44]	[info] incremental build: 1 source files changed
These source files will be recompiled
---
'd:\my_video_project\stm32\elrs_rx\STM32F407_ELRS\Core\Src\main.c': source file has been changed.

[2024-10-10 16:39:45]	[done]
	build successfully !

[2024-10-10 16:40:19]	[info] incremental build: 1 source files changed
These source files will be recompiled
---
'd:\my_video_project\stm32\elrs_rx\STM32F407_ELRS\Core\Src\main.c': source file has been changed.

[2024-10-10 16:40:19]	[done]
	build successfully !

[2024-10-10 16:40:46]	[info] incremental build: 1 source files changed
These source files will be recompiled
---
'd:\my_video_project\stm32\elrs_rx\STM32F407_ELRS\Core\Src\main.c': source file has been changed.

[2024-10-10 16:40:47]	[done]
	build successfully !

[2024-10-10 16:42:03]	[info] incremental build: 1 source files changed
These source files will be recompiled
---
'd:\my_video_project\stm32\elrs_rx\STM32F407_ELRS\Core\Src\main.c': source file has been changed.

[2024-10-10 16:42:03]	[done]
	build successfully !

[2024-10-10 16:45:52]	[info] incremental build: 2 source files changed
These source files will be recompiled
---
'd:\my_video_project\stm32\elrs_rx\STM32F407_ELRS\Core\Src\main.c': source file has been changed.
'd:\my_video_project\stm32\elrs_rx\STM32F407_ELRS\MDK-ARM\startup_stm32f407xx.s': source file has been changed.

[2024-10-10 16:45:53]	[done]
	build successfully !

[2024-10-10 16:46:18]	[info] incremental build: 1 source files changed
These source files will be recompiled
---
'd:\my_video_project\stm32\elrs_rx\STM32F407_ELRS\Core\Src\main.c': source file has been changed.

[2024-10-10 16:46:19]	[done]
	build successfully !

[2024-10-10 16:47:55]	[info] incremental build: 1 source files changed
These source files will be recompiled
---
'd:\my_video_project\stm32\elrs_rx\STM32F407_ELRS\Core\Src\main.c': source file has been changed.

[2024-10-10 16:47:55]	[done]
	build successfully !

[2024-10-10 16:48:45]	[info] incremental build: 2 source files changed
These source files will be recompiled
---
'd:\my_video_project\stm32\elrs_rx\STM32F407_ELRS\Core\Src\main.c': source file has been changed.
'd:\my_video_project\stm32\elrs_rx\STM32F407_ELRS\MDK-ARM\startup_stm32f407xx.s': source file has been changed.

[2024-10-10 16:48:46]	[done]
	build successfully !

[2024-10-10 16:49:30]	[done]
	build successfully !

[2024-10-10 16:49:37]	[info] incremental build: 1 source files changed
These source files will be recompiled
---
'd:\my_video_project\stm32\elrs_rx\STM32F407_ELRS\Core\Src\main.c': source file has been changed.

[2024-10-10 16:49:38]	[done]
	build successfully !

[2024-10-10 16:51:34]	[info] incremental build: 1 source files changed
These source files will be recompiled
---
'd:\my_video_project\stm32\elrs_rx\STM32F407_ELRS\Core\Src\main.c': source file has been changed.

[2024-10-10 16:51:34]	[done]
	build successfully !

[2024-10-10 16:53:38]	[info] incremental build: 2 source files changed
These source files will be recompiled
---
'd:\my_video_project\stm32\elrs_rx\STM32F407_ELRS\Core\Src\main.c': source file has been changed.
'd:\my_video_project\stm32\elrs_rx\STM32F407_ELRS\user\elrs.c': source file has been changed.

[2024-10-10 16:53:39]	[done]
	build successfully !

[2024-10-10 16:54:47]	[info] incremental build: 2 source files changed
These source files will be recompiled
---
'd:\my_video_project\stm32\elrs_rx\STM32F407_ELRS\Core\Src\main.c': source file has been changed.
'd:\my_video_project\stm32\elrs_rx\STM32F407_ELRS\user\elrs.c': source file has been changed.

[2024-10-10 16:54:48]	[done]
	build successfully !

[2024-10-10 16:58:13]	[info] incremental build: 1 source files changed
These source files will be recompiled
---
'd:\my_video_project\stm32\elrs_rx\STM32F407_ELRS\user\elrs.c': source file has been changed.

[2024-10-10 16:58:14]	[done]
	build successfully !

